<?xml version="1.0" encoding="UTF-8"?>
<testng-results skipped="0" failed="0" ignored="0" total="1" passed="1">
  <reporter-output>
  </reporter-output>
  <suite name="Suite" duration-ms="106224" started-at="2018-10-07T16:22:15Z" finished-at="2018-10-07T16:24:02Z">
    <groups>
    </groups>
    <test name="chromeTest" duration-ms="106224" started-at="2018-10-07T16:22:15Z" finished-at="2018-10-07T16:24:02Z">
      <class name="testcases.executeTestThroughTestNg">
        <test-method status="PASS" signature="setup(java.lang.String)[pri:0, instance:testcases.executeTestThroughTestNg@436e852b]" name="setup" is-config="true" duration-ms="5838" started-at="2018-10-07T16:22:15Z" finished-at="2018-10-07T16:22:21Z">
          <params>
            <param index="0">
              <value>
                <![CDATA[chrome]]>
              </value>
            </param>
          </params>
          <reporter-output>
          </reporter-output>
        </test-method> <!-- setup -->
        <test-method status="PASS" signature="executeTest()[pri:0, instance:testcases.executeTestThroughTestNg@436e852b]" name="executeTest" duration-ms="99457" started-at="2018-10-07T16:22:21Z" finished-at="2018-10-07T16:24:01Z">
          <reporter-output>
          </reporter-output>
        </test-method> <!-- executeTest -->
        <test-method status="PASS" signature="teardown()[pri:0, instance:testcases.executeTestThroughTestNg@436e852b]" name="teardown" is-config="true" duration-ms="753" started-at="2018-10-07T16:24:01Z" finished-at="2018-10-07T16:24:02Z">
          <reporter-output>
          </reporter-output>
        </test-method> <!-- teardown -->
      </class> <!-- testcases.executeTestThroughTestNg -->
    </test> <!-- chromeTest -->
  </suite> <!-- Suite -->
</testng-results>
